<?xml version="1.0" encoding="UTF-8"?>
<!-- Generated by org.testng.reporters.JUnitReportReporter -->
<testsuite hostname="pratik-thinkpad-e15-gen-4" failures="0" tests="1" name="post_create_customer.CreateCustomer" time="1.169" errors="0" timestamp="2023-05-26T15:25:17 IST" skipped="0">
  <testcase classname="post_create_customer.CreateCustomer" name="crateCustoimerApi" time="1.169"/>
  <system-out/>
</testsuite> <!-- post_create_customer.CreateCustomer -->
