<?xml version="1.0" encoding="UTF-8"?>
<!-- Generated by org.testng.reporters.JUnitReportReporter -->
<testsuite hostname="pratik-thinkpad-e15-gen-4" failures="0" tests="1" name="post_drawdown.DrawDown" time="1.868" errors="0" timestamp="2023-05-20T12:58:22 IST" skipped="0">
  <testcase classname="post_drawdown.DrawDown" name="drawDownApi" time="1.868"/>
  <system-out/>
</testsuite> <!-- post_drawdown.DrawDown -->
