<?xml version="1.0" encoding="UTF-8"?>
<!-- Generated by org.testng.reporters.JUnitReportReporter -->
<testsuite hostname="pratik-thinkpad-e15-gen-4" failures="0" tests="1" name="post_utr_update.UtrUpdate" time="1.742" errors="0" timestamp="2023-05-20T13:20:00 IST" skipped="0">
  <testcase classname="post_utr_update.UtrUpdate" name="utUpdate" time="1.742"/>
  <system-out/>
</testsuite> <!-- post_utr_update.UtrUpdate -->
